<?xml version="1.0" encoding="UTF-8"?>
<robot generator="Robot 2.9 (Jython 2.7.0 on java1.8.0_60)" generated="20160128 21:18:11.802">
<suite source="C:\Users\Cody\Desktop\tic-tac-toe\acceptance\TicTacToeGUITests.txt" name="TicTacToeGUITests" id="s1">
<test name="Win Diagonally as X" id="s1-t1">
<kw name="Start New Game">
<kw library="SwingLibrary" name="Start Application">
<doc>Alias for `Launch Application` keyword</doc>
<arguments>
<arg>edu.jsu.mcis.TicTacToeGame</arg>
</arguments>
<status endtime="20160128 21:18:18.916" starttime="20160128 21:18:18.609" status="PASS"></status>
</kw>
<kw library="SwingLibrary" name="Select Window">
<doc>Selects a window as current context and sets focus to it.</doc>
<arguments>
<arg>Tic Tac Toe</arg>
</arguments>
<status endtime="20160128 21:18:19.508" starttime="20160128 21:18:18.943" status="PASS"></status>
</kw>
<status endtime="20160128 21:18:19.515" starttime="20160128 21:18:18.588" status="PASS"></status>
</kw>
<kw name="Mark Location">
<arguments>
<arg>1</arg>
<arg>1</arg>
</arguments>
<kw library="BuiltIn" name="Catenate">
<doc>Catenates the given items together and returns the resulted string.</doc>
<arguments>
<arg>SEPARATOR=</arg>
<arg>Location</arg>
<arg>${row}</arg>
<arg>${col}</arg>
</arguments>
<assign>
<var>${component}</var>
</assign>
<msg level="INFO" timestamp="20160128 21:18:19.597">${component} = Location11</msg>
<status endtime="20160128 21:18:19.602" starttime="20160128 21:18:19.556" status="PASS"></status>
</kw>
<kw library="SwingLibrary" name="Click On Component">
<doc>Clicks on a component.</doc>
<arguments>
<arg>${component}</arg>
</arguments>
<status endtime="20160128 21:18:19.867" starttime="20160128 21:18:19.610" status="PASS"></status>
</kw>
<status endtime="20160128 21:18:19.882" starttime="20160128 21:18:19.535" status="PASS"></status>
</kw>
<kw name="Check Location">
<arguments>
<arg>1</arg>
<arg>1</arg>
<arg>X</arg>
</arguments>
<kw library="BuiltIn" name="Catenate">
<doc>Catenates the given items together and returns the resulted string.</doc>
<arguments>
<arg>SEPARATOR=</arg>
<arg>Location</arg>
<arg>${row}</arg>
<arg>${col}</arg>
</arguments>
<assign>
<var>${component}</var>
</assign>
<msg level="INFO" timestamp="20160128 21:18:19.974">${component} = Location11</msg>
<status endtime="20160128 21:18:19.977" starttime="20160128 21:18:19.949" status="PASS"></status>
</kw>
<kw library="SwingLibrary" name="Get Button Text">
<doc>Uses current context to search for a button and when found, returns the text it is labeled with.</doc>
<arguments>
<arg>${component}</arg>
</arguments>
<assign>
<var>${text}</var>
</assign>
<msg level="INFO" timestamp="20160128 21:18:20.225">${text} = X</msg>
<status endtime="20160128 21:18:20.228" starttime="20160128 21:18:20.022" status="PASS"></status>
</kw>
<kw library="BuiltIn" name="Should Be Equal">
<doc>Fails if the given objects are unequal.</doc>
<arguments>
<arg>${text}</arg>
<arg>${mark}</arg>
</arguments>
<status endtime="20160128 21:18:20.263" starttime="20160128 21:18:20.239" status="PASS"></status>
</kw>
<status endtime="20160128 21:18:20.268" starttime="20160128 21:18:19.898" status="PASS"></status>
</kw>
<kw name="Mark Location">
<arguments>
<arg>0</arg>
<arg>1</arg>
</arguments>
<kw library="BuiltIn" name="Catenate">
<doc>Catenates the given items together and returns the resulted string.</doc>
<arguments>
<arg>SEPARATOR=</arg>
<arg>Location</arg>
<arg>${row}</arg>
<arg>${col}</arg>
</arguments>
<assign>
<var>${component}</var>
</assign>
<msg level="INFO" timestamp="20160128 21:18:20.357">${component} = Location01</msg>
<status endtime="20160128 21:18:20.361" starttime="20160128 21:18:20.325" status="PASS"></status>
</kw>
<kw library="SwingLibrary" name="Click On Component">
<doc>Clicks on a component.</doc>
<arguments>
<arg>${component}</arg>
</arguments>
<status endtime="20160128 21:18:20.672" starttime="20160128 21:18:20.371" status="PASS"></status>
</kw>
<status endtime="20160128 21:18:20.738" starttime="20160128 21:18:20.298" status="PASS"></status>
</kw>
<kw name="Check Location">
<arguments>
<arg>0</arg>
<arg>1</arg>
<arg>O</arg>
</arguments>
<kw library="BuiltIn" name="Catenate">
<doc>Catenates the given items together and returns the resulted string.</doc>
<arguments>
<arg>SEPARATOR=</arg>
<arg>Location</arg>
<arg>${row}</arg>
<arg>${col}</arg>
</arguments>
<assign>
<var>${component}</var>
</assign>
<msg level="INFO" timestamp="20160128 21:18:20.913">${component} = Location01</msg>
<status endtime="20160128 21:18:20.925" starttime="20160128 21:18:20.806" status="PASS"></status>
</kw>
<kw library="SwingLibrary" name="Get Button Text">
<doc>Uses current context to search for a button and when found, returns the text it is labeled with.</doc>
<arguments>
<arg>${component}</arg>
</arguments>
<assign>
<var>${text}</var>
</assign>
<msg level="INFO" timestamp="20160128 21:18:21.004">${text} = O</msg>
<status endtime="20160128 21:18:21.009" starttime="20160128 21:18:20.948" status="PASS"></status>
</kw>
<kw library="BuiltIn" name="Should Be Equal">
<doc>Fails if the given objects are unequal.</doc>
<arguments>
<arg>${text}</arg>
<arg>${mark}</arg>
</arguments>
<status endtime="20160128 21:18:21.051" starttime="20160128 21:18:21.026" status="PASS"></status>
</kw>
<status endtime="20160128 21:18:21.078" starttime="20160128 21:18:20.760" status="PASS"></status>
</kw>
<kw name="Mark Location">
<arguments>
<arg>0</arg>
<arg>0</arg>
</arguments>
<kw library="BuiltIn" name="Catenate">
<doc>Catenates the given items together and returns the resulted string.</doc>
<arguments>
<arg>SEPARATOR=</arg>
<arg>Location</arg>
<arg>${row}</arg>
<arg>${col}</arg>
</arguments>
<assign>
<var>${component}</var>
</assign>
<msg level="INFO" timestamp="20160128 21:18:21.172">${component} = Location00</msg>
<status endtime="20160128 21:18:21.178" starttime="20160128 21:18:21.138" status="PASS"></status>
</kw>
<kw library="SwingLibrary" name="Click On Component">
<doc>Clicks on a component.</doc>
<arguments>
<arg>${component}</arg>
</arguments>
<status endtime="20160128 21:18:21.284" starttime="20160128 21:18:21.193" status="PASS"></status>
</kw>
<status endtime="20160128 21:18:21.310" starttime="20160128 21:18:21.083" status="PASS"></status>
</kw>
<kw name="Check Location">
<arguments>
<arg>0</arg>
<arg>0</arg>
<arg>X</arg>
</arguments>
<kw library="BuiltIn" name="Catenate">
<doc>Catenates the given items together and returns the resulted string.</doc>
<arguments>
<arg>SEPARATOR=</arg>
<arg>Location</arg>
<arg>${row}</arg>
<arg>${col}</arg>
</arguments>
<assign>
<var>${component}</var>
</assign>
<msg level="INFO" timestamp="20160128 21:18:21.451">${component} = Location00</msg>
<status endtime="20160128 21:18:21.455" starttime="20160128 21:18:21.376" status="PASS"></status>
</kw>
<kw library="SwingLibrary" name="Get Button Text">
<doc>Uses current context to search for a button and when found, returns the text it is labeled with.</doc>
<arguments>
<arg>${component}</arg>
</arguments>
<assign>
<var>${text}</var>
</assign>
<msg level="INFO" timestamp="20160128 21:18:21.512">${text} = X</msg>
<status endtime="20160128 21:18:21.514" starttime="20160128 21:18:21.461" status="PASS"></status>
</kw>
<kw library="BuiltIn" name="Should Be Equal">
<doc>Fails if the given objects are unequal.</doc>
<arguments>
<arg>${text}</arg>
<arg>${mark}</arg>
</arguments>
<status endtime="20160128 21:18:21.540" starttime="20160128 21:18:21.520" status="PASS"></status>
</kw>
<status endtime="20160128 21:18:21.548" starttime="20160128 21:18:21.326" status="PASS"></status>
</kw>
<kw name="Mark Location">
<arguments>
<arg>0</arg>
<arg>2</arg>
</arguments>
<kw library="BuiltIn" name="Catenate">
<doc>Catenates the given items together and returns the resulted string.</doc>
<arguments>
<arg>SEPARATOR=</arg>
<arg>Location</arg>
<arg>${row}</arg>
<arg>${col}</arg>
</arguments>
<assign>
<var>${component}</var>
</assign>
<msg level="INFO" timestamp="20160128 21:18:21.630">${component} = Location02</msg>
<status endtime="20160128 21:18:21.637" starttime="20160128 21:18:21.589" status="PASS"></status>
</kw>
<kw library="SwingLibrary" name="Click On Component">
<doc>Clicks on a component.</doc>
<arguments>
<arg>${component}</arg>
</arguments>
<status endtime="20160128 21:18:21.727" starttime="20160128 21:18:21.652" status="PASS"></status>
</kw>
<status endtime="20160128 21:18:21.737" starttime="20160128 21:18:21.556" status="PASS"></status>
</kw>
<kw name="Check Location">
<arguments>
<arg>0</arg>
<arg>2</arg>
<arg>O</arg>
</arguments>
<kw library="BuiltIn" name="Catenate">
<doc>Catenates the given items together and returns the resulted string.</doc>
<arguments>
<arg>SEPARATOR=</arg>
<arg>Location</arg>
<arg>${row}</arg>
<arg>${col}</arg>
</arguments>
<assign>
<var>${component}</var>
</assign>
<msg level="INFO" timestamp="20160128 21:18:21.823">${component} = Location02</msg>
<status endtime="20160128 21:18:21.826" starttime="20160128 21:18:21.802" status="PASS"></status>
</kw>
<kw library="SwingLibrary" name="Get Button Text">
<doc>Uses current context to search for a button and when found, returns the text it is labeled with.</doc>
<arguments>
<arg>${component}</arg>
</arguments>
<assign>
<var>${text}</var>
</assign>
<msg level="INFO" timestamp="20160128 21:18:21.890">${text} = O</msg>
<status endtime="20160128 21:18:21.892" starttime="20160128 21:18:21.832" status="PASS"></status>
</kw>
<kw library="BuiltIn" name="Should Be Equal">
<doc>Fails if the given objects are unequal.</doc>
<arguments>
<arg>${text}</arg>
<arg>${mark}</arg>
</arguments>
<status endtime="20160128 21:18:21.927" starttime="20160128 21:18:21.903" status="PASS"></status>
</kw>
<status endtime="20160128 21:18:21.934" starttime="20160128 21:18:21.776" status="PASS"></status>
</kw>
<kw name="Mark Location">
<arguments>
<arg>2</arg>
<arg>2</arg>
</arguments>
<kw library="BuiltIn" name="Catenate">
<doc>Catenates the given items together and returns the resulted string.</doc>
<arguments>
<arg>SEPARATOR=</arg>
<arg>Location</arg>
<arg>${row}</arg>
<arg>${col}</arg>
</arguments>
<assign>
<var>${component}</var>
</assign>
<msg level="INFO" timestamp="20160128 21:18:22.016">${component} = Location22</msg>
<status endtime="20160128 21:18:22.022" starttime="20160128 21:18:21.958" status="PASS"></status>
</kw>
<kw library="SwingLibrary" name="Click On Component">
<doc>Clicks on a component.</doc>
<arguments>
<arg>${component}</arg>
</arguments>
<status endtime="20160128 21:18:48.889" starttime="20160128 21:18:22.053" status="PASS"></status>
</kw>
<status endtime="20160128 21:18:48.905" starttime="20160128 21:18:21.941" status="PASS"></status>
</kw>
<kw name="Check Location">
<arguments>
<arg>2</arg>
<arg>2</arg>
<arg>X</arg>
</arguments>
<kw library="BuiltIn" name="Catenate">
<doc>Catenates the given items together and returns the resulted string.</doc>
<arguments>
<arg>SEPARATOR=</arg>
<arg>Location</arg>
<arg>${row}</arg>
<arg>${col}</arg>
</arguments>
<assign>
<var>${component}</var>
</assign>
<msg level="INFO" timestamp="20160128 21:18:48.983">${component} = Location22</msg>
<status endtime="20160128 21:18:48.983" starttime="20160128 21:18:48.951" status="PASS"></status>
</kw>
<kw library="SwingLibrary" name="Get Button Text">
<doc>Uses current context to search for a button and when found, returns the text it is labeled with.</doc>
<arguments>
<arg>${component}</arg>
</arguments>
<assign>
<var>${text}</var>
</assign>
<msg level="INFO" timestamp="20160128 21:18:49.045">${text} = X</msg>
<status endtime="20160128 21:18:49.045" starttime="20160128 21:18:48.983" status="PASS"></status>
</kw>
<kw library="BuiltIn" name="Should Be Equal">
<doc>Fails if the given objects are unequal.</doc>
<arguments>
<arg>${text}</arg>
<arg>${mark}</arg>
</arguments>
<status endtime="20160128 21:18:49.076" starttime="20160128 21:18:49.061" status="PASS"></status>
</kw>
<status endtime="20160128 21:18:49.092" starttime="20160128 21:18:48.920" status="PASS"></status>
</kw>
<kw name="Winner Should Be">
<arguments>
<arg>X</arg>
</arguments>
<kw library="SwingLibrary" name="Select Dialog">
<doc>Selects a dialog as current context and sets focus to it.</doc>
<arguments>
<arg>Game Over</arg>
</arguments>
<msg level="FAIL" timestamp="20160128 21:18:59.350">Dialog with name or title 'Game Over'</msg>
<status endtime="20160128 21:18:59.350" starttime="20160128 21:18:49.139" status="FAIL"></status>
</kw>
<status endtime="20160128 21:18:59.365" starttime="20160128 21:18:49.092" status="FAIL"></status>
</kw>
<status critical="yes" endtime="20160128 21:18:59.381" starttime="20160128 21:18:18.564" status="FAIL">Dialog with name or title 'Game Over'</status>
</test>
<test name="Win Horizontally as O" id="s1-t2">
<kw name="Start New Game">
<kw library="SwingLibrary" name="Start Application">
<doc>Alias for `Launch Application` keyword</doc>
<arguments>
<arg>edu.jsu.mcis.TicTacToeGame</arg>
</arguments>
<status endtime="20160128 21:18:59.537" starttime="20160128 21:18:59.459" status="PASS"></status>
</kw>
<kw library="SwingLibrary" name="Select Window">
<doc>Selects a window as current context and sets focus to it.</doc>
<arguments>
<arg>Tic Tac Toe</arg>
</arguments>
<status endtime="20160128 21:18:59.803" starttime="20160128 21:18:59.553" status="PASS"></status>
</kw>
<status endtime="20160128 21:18:59.803" starttime="20160128 21:18:59.443" status="PASS"></status>
</kw>
<kw name="Mark Location">
<arguments>
<arg>1</arg>
<arg>1</arg>
</arguments>
<kw library="BuiltIn" name="Catenate">
<doc>Catenates the given items together and returns the resulted string.</doc>
<arguments>
<arg>SEPARATOR=</arg>
<arg>Location</arg>
<arg>${row}</arg>
<arg>${col}</arg>
</arguments>
<assign>
<var>${component}</var>
</assign>
<msg level="INFO" timestamp="20160128 21:18:59.913">${component} = Location11</msg>
<status endtime="20160128 21:18:59.916" starttime="20160128 21:18:59.851" status="PASS"></status>
</kw>
<kw library="SwingLibrary" name="Click On Component">
<doc>Clicks on a component.</doc>
<arguments>
<arg>${component}</arg>
</arguments>
<status endtime="20160128 21:19:01.367" starttime="20160128 21:18:59.925" status="PASS"></status>
</kw>
<status endtime="20160128 21:19:01.383" starttime="20160128 21:18:59.826" status="PASS"></status>
</kw>
<kw name="Check Location">
<arguments>
<arg>1</arg>
<arg>1</arg>
<arg>X</arg>
</arguments>
<kw library="BuiltIn" name="Catenate">
<doc>Catenates the given items together and returns the resulted string.</doc>
<arguments>
<arg>SEPARATOR=</arg>
<arg>Location</arg>
<arg>${row}</arg>
<arg>${col}</arg>
</arguments>
<assign>
<var>${component}</var>
</assign>
<msg level="INFO" timestamp="20160128 21:19:01.430">${component} = Location11</msg>
<status endtime="20160128 21:19:01.430" starttime="20160128 21:19:01.414" status="PASS"></status>
</kw>
<kw library="SwingLibrary" name="Get Button Text">
<doc>Uses current context to search for a button and when found, returns the text it is labeled with.</doc>
<arguments>
<arg>${component}</arg>
</arguments>
<assign>
<var>${text}</var>
</assign>
<msg level="INFO" timestamp="20160128 21:19:01.508">${text} = X</msg>
<status endtime="20160128 21:19:01.523" starttime="20160128 21:19:01.430" status="PASS"></status>
</kw>
<kw library="BuiltIn" name="Should Be Equal">
<doc>Fails if the given objects are unequal.</doc>
<arguments>
<arg>${text}</arg>
<arg>${mark}</arg>
</arguments>
<status endtime="20160128 21:19:01.539" starttime="20160128 21:19:01.523" status="PASS"></status>
</kw>
<status endtime="20160128 21:19:01.555" starttime="20160128 21:19:01.383" status="PASS"></status>
</kw>
<kw name="Mark Location">
<arguments>
<arg>2</arg>
<arg>0</arg>
</arguments>
<kw library="BuiltIn" name="Catenate">
<doc>Catenates the given items together and returns the resulted string.</doc>
<arguments>
<arg>SEPARATOR=</arg>
<arg>Location</arg>
<arg>${row}</arg>
<arg>${col}</arg>
</arguments>
<assign>
<var>${component}</var>
</assign>
<msg level="INFO" timestamp="20160128 21:19:01.633">${component} = Location20</msg>
<status endtime="20160128 21:19:01.633" starttime="20160128 21:19:01.601" status="PASS"></status>
</kw>
<kw library="SwingLibrary" name="Click On Component">
<doc>Clicks on a component.</doc>
<arguments>
<arg>${component}</arg>
</arguments>
<status endtime="20160128 21:19:02.648" starttime="20160128 21:19:01.633" status="PASS"></status>
</kw>
<status endtime="20160128 21:19:02.648" starttime="20160128 21:19:01.555" status="PASS"></status>
</kw>
<kw name="Check Location">
<arguments>
<arg>2</arg>
<arg>0</arg>
<arg>O</arg>
</arguments>
<kw library="BuiltIn" name="Catenate">
<doc>Catenates the given items together and returns the resulted string.</doc>
<arguments>
<arg>SEPARATOR=</arg>
<arg>Location</arg>
<arg>${row}</arg>
<arg>${col}</arg>
</arguments>
<assign>
<var>${component}</var>
</assign>
<msg level="INFO" timestamp="20160128 21:19:02.773">${component} = Location20</msg>
<status endtime="20160128 21:19:02.773" starttime="20160128 21:19:02.680" status="PASS"></status>
</kw>
<kw library="SwingLibrary" name="Get Button Text">
<doc>Uses current context to search for a button and when found, returns the text it is labeled with.</doc>
<arguments>
<arg>${component}</arg>
</arguments>
<assign>
<var>${text}</var>
</assign>
<msg level="INFO" timestamp="20160128 21:19:02.883">${text} = O</msg>
<status endtime="20160128 21:19:02.883" starttime="20160128 21:19:02.789" status="PASS"></status>
</kw>
<kw library="BuiltIn" name="Should Be Equal">
<doc>Fails if the given objects are unequal.</doc>
<arguments>
<arg>${text}</arg>
<arg>${mark}</arg>
</arguments>
<status endtime="20160128 21:19:02.945" starttime="20160128 21:19:02.898" status="PASS"></status>
</kw>
<status endtime="20160128 21:19:02.960" starttime="20160128 21:19:02.664" status="PASS"></status>
</kw>
<kw name="Mark Location">
<arguments>
<arg>0</arg>
<arg>0</arg>
</arguments>
<kw library="BuiltIn" name="Catenate">
<doc>Catenates the given items together and returns the resulted string.</doc>
<arguments>
<arg>SEPARATOR=</arg>
<arg>Location</arg>
<arg>${row}</arg>
<arg>${col}</arg>
</arguments>
<assign>
<var>${component}</var>
</assign>
<msg level="INFO" timestamp="20160128 21:19:03.017">${component} = Location00</msg>
<status endtime="20160128 21:19:03.019" starttime="20160128 21:19:02.996" status="PASS"></status>
</kw>
<kw library="SwingLibrary" name="Click On Component">
<doc>Clicks on a component.</doc>
<arguments>
<arg>${component}</arg>
</arguments>
<status endtime="20160128 21:19:03.779" starttime="20160128 21:19:03.025" status="PASS"></status>
</kw>
<status endtime="20160128 21:19:03.794" starttime="20160128 21:19:02.969" status="PASS"></status>
</kw>
<kw name="Check Location">
<arguments>
<arg>0</arg>
<arg>0</arg>
<arg>X</arg>
</arguments>
<kw library="BuiltIn" name="Catenate">
<doc>Catenates the given items together and returns the resulted string.</doc>
<arguments>
<arg>SEPARATOR=</arg>
<arg>Location</arg>
<arg>${row}</arg>
<arg>${col}</arg>
</arguments>
<assign>
<var>${component}</var>
</assign>
<msg level="INFO" timestamp="20160128 21:19:03.857">${component} = Location00</msg>
<status endtime="20160128 21:19:03.873" starttime="20160128 21:19:03.841" status="PASS"></status>
</kw>
<kw library="SwingLibrary" name="Get Button Text">
<doc>Uses current context to search for a button and when found, returns the text it is labeled with.</doc>
<arguments>
<arg>${component}</arg>
</arguments>
<assign>
<var>${text}</var>
</assign>
<msg level="INFO" timestamp="20160128 21:19:03.935">${text} = X</msg>
<status endtime="20160128 21:19:03.935" starttime="20160128 21:19:03.873" status="PASS"></status>
</kw>
<kw library="BuiltIn" name="Should Be Equal">
<doc>Fails if the given objects are unequal.</doc>
<arguments>
<arg>${text}</arg>
<arg>${mark}</arg>
</arguments>
<status endtime="20160128 21:19:03.966" starttime="20160128 21:19:03.951" status="PASS"></status>
</kw>
<status endtime="20160128 21:19:03.982" starttime="20160128 21:19:03.810" status="PASS"></status>
</kw>
<kw name="Mark Location">
<arguments>
<arg>2</arg>
<arg>2</arg>
</arguments>
<kw library="BuiltIn" name="Catenate">
<doc>Catenates the given items together and returns the resulted string.</doc>
<arguments>
<arg>SEPARATOR=</arg>
<arg>Location</arg>
<arg>${row}</arg>
<arg>${col}</arg>
</arguments>
<assign>
<var>${component}</var>
</assign>
<msg level="INFO" timestamp="20160128 21:19:04.049">${component} = Location22</msg>
<status endtime="20160128 21:19:04.051" starttime="20160128 21:19:04.013" status="PASS"></status>
</kw>
<kw library="SwingLibrary" name="Click On Component">
<doc>Clicks on a component.</doc>
<arguments>
<arg>${component}</arg>
</arguments>
<status endtime="20160128 21:19:04.956" starttime="20160128 21:19:04.064" status="PASS"></status>
</kw>
<status endtime="20160128 21:19:04.972" starttime="20160128 21:19:03.982" status="PASS"></status>
</kw>
<kw name="Check Location">
<arguments>
<arg>2</arg>
<arg>2</arg>
<arg>O</arg>
</arguments>
<kw library="BuiltIn" name="Catenate">
<doc>Catenates the given items together and returns the resulted string.</doc>
<arguments>
<arg>SEPARATOR=</arg>
<arg>Location</arg>
<arg>${row}</arg>
<arg>${col}</arg>
</arguments>
<assign>
<var>${component}</var>
</assign>
<msg level="INFO" timestamp="20160128 21:19:05.112">${component} = Location22</msg>
<status endtime="20160128 21:19:05.112" starttime="20160128 21:19:05.081" status="PASS"></status>
</kw>
<kw library="SwingLibrary" name="Get Button Text">
<doc>Uses current context to search for a button and when found, returns the text it is labeled with.</doc>
<arguments>
<arg>${component}</arg>
</arguments>
<assign>
<var>${text}</var>
</assign>
<msg level="INFO" timestamp="20160128 21:19:05.180">${text} = X</msg>
<status endtime="20160128 21:19:05.182" starttime="20160128 21:19:05.112" status="PASS"></status>
</kw>
<kw library="BuiltIn" name="Should Be Equal">
<doc>Fails if the given objects are unequal.</doc>
<arguments>
<arg>${text}</arg>
<arg>${mark}</arg>
</arguments>
<msg level="FAIL" timestamp="20160128 21:19:05.214">X != O</msg>
<status endtime="20160128 21:19:05.218" starttime="20160128 21:19:05.187" status="FAIL"></status>
</kw>
<status endtime="20160128 21:19:05.228" starttime="20160128 21:19:05.019" status="FAIL"></status>
</kw>
<status critical="yes" endtime="20160128 21:19:05.236" starttime="20160128 21:18:59.397" status="FAIL">X != O</status>
</test>
<test name="Force a Tie" id="s1-t3">
<kw name="Start New Game">
<kw library="SwingLibrary" name="Start Application">
<doc>Alias for `Launch Application` keyword</doc>
<arguments>
<arg>edu.jsu.mcis.TicTacToeGame</arg>
</arguments>
<status endtime="20160128 21:19:05.470" starttime="20160128 21:19:05.297" status="PASS"></status>
</kw>
<kw library="SwingLibrary" name="Select Window">
<doc>Selects a window as current context and sets focus to it.</doc>
<arguments>
<arg>Tic Tac Toe</arg>
</arguments>
<status endtime="20160128 21:19:05.856" starttime="20160128 21:19:05.483" status="PASS"></status>
</kw>
<status endtime="20160128 21:19:05.863" starttime="20160128 21:19:05.283" status="PASS"></status>
</kw>
<kw name="Mark Location">
<arguments>
<arg>1</arg>
<arg>1</arg>
</arguments>
<kw library="BuiltIn" name="Catenate">
<doc>Catenates the given items together and returns the resulted string.</doc>
<arguments>
<arg>SEPARATOR=</arg>
<arg>Location</arg>
<arg>${row}</arg>
<arg>${col}</arg>
</arguments>
<assign>
<var>${component}</var>
</assign>
<msg level="INFO" timestamp="20160128 21:19:05.951">${component} = Location11</msg>
<status endtime="20160128 21:19:05.954" starttime="20160128 21:19:05.920" status="PASS"></status>
</kw>
<kw library="SwingLibrary" name="Click On Component">
<doc>Clicks on a component.</doc>
<arguments>
<arg>${component}</arg>
</arguments>
<status endtime="20160128 21:19:06.569" starttime="20160128 21:19:05.960" status="PASS"></status>
</kw>
<status endtime="20160128 21:19:06.585" starttime="20160128 21:19:05.889" status="PASS"></status>
</kw>
<kw name="Check Location">
<arguments>
<arg>1</arg>
<arg>1</arg>
<arg>X</arg>
</arguments>
<kw library="BuiltIn" name="Catenate">
<doc>Catenates the given items together and returns the resulted string.</doc>
<arguments>
<arg>SEPARATOR=</arg>
<arg>Location</arg>
<arg>${row}</arg>
<arg>${col}</arg>
</arguments>
<assign>
<var>${component}</var>
</assign>
<msg level="INFO" timestamp="20160128 21:19:06.679">${component} = Location11</msg>
<status endtime="20160128 21:19:06.679" starttime="20160128 21:19:06.632" status="PASS"></status>
</kw>
<kw library="SwingLibrary" name="Get Button Text">
<doc>Uses current context to search for a button and when found, returns the text it is labeled with.</doc>
<arguments>
<arg>${component}</arg>
</arguments>
<assign>
<var>${text}</var>
</assign>
<msg level="INFO" timestamp="20160128 21:19:06.725">${text} = X</msg>
<status endtime="20160128 21:19:06.725" starttime="20160128 21:19:06.679" status="PASS"></status>
</kw>
<kw library="BuiltIn" name="Should Be Equal">
<doc>Fails if the given objects are unequal.</doc>
<arguments>
<arg>${text}</arg>
<arg>${mark}</arg>
</arguments>
<status endtime="20160128 21:19:06.757" starttime="20160128 21:19:06.725" status="PASS"></status>
</kw>
<status endtime="20160128 21:19:06.757" starttime="20160128 21:19:06.616" status="PASS"></status>
</kw>
<kw name="Mark Location">
<arguments>
<arg>0</arg>
<arg>0</arg>
</arguments>
<kw library="BuiltIn" name="Catenate">
<doc>Catenates the given items together and returns the resulted string.</doc>
<arguments>
<arg>SEPARATOR=</arg>
<arg>Location</arg>
<arg>${row}</arg>
<arg>${col}</arg>
</arguments>
<assign>
<var>${component}</var>
</assign>
<msg level="INFO" timestamp="20160128 21:19:06.804">${component} = Location00</msg>
<status endtime="20160128 21:19:06.804" starttime="20160128 21:19:06.772" status="PASS"></status>
</kw>
<kw library="SwingLibrary" name="Click On Component">
<doc>Clicks on a component.</doc>
<arguments>
<arg>${component}</arg>
</arguments>
<status endtime="20160128 21:19:07.390" starttime="20160128 21:19:06.804" status="PASS"></status>
</kw>
<status endtime="20160128 21:19:07.405" starttime="20160128 21:19:06.757" status="PASS"></status>
</kw>
<kw name="Check Location">
<arguments>
<arg>0</arg>
<arg>0</arg>
<arg>O</arg>
</arguments>
<kw library="BuiltIn" name="Catenate">
<doc>Catenates the given items together and returns the resulted string.</doc>
<arguments>
<arg>SEPARATOR=</arg>
<arg>Location</arg>
<arg>${row}</arg>
<arg>${col}</arg>
</arguments>
<assign>
<var>${component}</var>
</assign>
<msg level="INFO" timestamp="20160128 21:19:07.499">${component} = Location00</msg>
<status endtime="20160128 21:19:07.499" starttime="20160128 21:19:07.483" status="PASS"></status>
</kw>
<kw library="SwingLibrary" name="Get Button Text">
<doc>Uses current context to search for a button and when found, returns the text it is labeled with.</doc>
<arguments>
<arg>${component}</arg>
</arguments>
<assign>
<var>${text}</var>
</assign>
<msg level="INFO" timestamp="20160128 21:19:07.561">${text} = X</msg>
<status endtime="20160128 21:19:07.577" starttime="20160128 21:19:07.499" status="PASS"></status>
</kw>
<kw library="BuiltIn" name="Should Be Equal">
<doc>Fails if the given objects are unequal.</doc>
<arguments>
<arg>${text}</arg>
<arg>${mark}</arg>
</arguments>
<msg level="FAIL" timestamp="20160128 21:19:07.624">X != O</msg>
<status endtime="20160128 21:19:07.624" starttime="20160128 21:19:07.593" status="FAIL"></status>
</kw>
<status endtime="20160128 21:19:07.641" starttime="20160128 21:19:07.405" status="FAIL"></status>
</kw>
<status critical="yes" endtime="20160128 21:19:07.650" starttime="20160128 21:19:05.263" status="FAIL">X != O</status>
</test>
<status endtime="20160128 21:19:07.741" starttime="20160128 21:18:11.911" status="FAIL"></status>
</suite>
<statistics>
<total>
<stat pass="0" fail="3">Critical Tests</stat>
<stat pass="0" fail="3">All Tests</stat>
</total>
<tag>
</tag>
<suite>
<stat pass="0" fail="3" name="TicTacToeGUITests" id="s1">TicTacToeGUITests</stat>
</suite>
</statistics>
<errors>
</errors>
</robot>
